<?xml version="1.0" encoding="UTF-8"?>
<!-- Generated by org.testng.reporters.JUnitReportReporter -->
<testsuite hostname="LAPTOP-NASCGQ94" failures="0" tests="1" name="testcases.LoginTest" time="2.266" errors="0" timestamp="23 Mar. 2022 23:42:12 GMT" skipped="0">
  <testcase classname="testcases.LoginTest" name="LoginSuccessTest" time="2.266"/>
</testsuite> <!-- testcases.LoginTest -->
