<?xml version="1.0" encoding="UTF-8"?>
<!-- Generated by org.testng.reporters.JUnitReportReporter -->
<testsuite hostname="LAPTOP-NASCGQ94" failures="0" tests="2" name="testcases.LoginTest" time="5.695" errors="0" timestamp="23 Mar. 2022 23:20:01 GMT" skipped="0">
  <testcase classname="testcases.LoginTest" name="LoginSuccessTest" time="3.158"/>
  <testcase classname="testcases.LoginTest" name="LoginFailureTest" time="2.537"/>
</testsuite> <!-- testcases.LoginTest -->
